<?xml version="1.0" encoding="UTF-8"?>
<testng-results skipped="0" failed="0" total="5" passed="5">
  <reporter-output>
  </reporter-output>
  <suite name="Surefire suite" duration-ms="518" started-at="2018-06-06T18:49:14Z" finished-at="2018-06-06T18:49:15Z">
    <groups>
    </groups>
    <test name="Surefire test" duration-ms="518" started-at="2018-06-06T18:49:14Z" finished-at="2018-06-06T18:49:15Z">
      <class name="com.example.scrabble.service.ScrabbleGameServiceTest">
        <test-method status="PASS" signature="beforeMethod()" name="beforeMethod" is-config="true" duration-ms="494" started-at="2018-06-06T18:49:14Z" finished-at="2018-06-06T18:49:15Z">
        </test-method>
        <test-method status="PASS" signature="getGamesList()" name="getGamesList" duration-ms="0" started-at="2018-06-06T18:49:15Z" finished-at="2018-06-06T18:49:15Z">
        </test-method>
        <test-method status="PASS" signature="beforeMethod()" name="beforeMethod" is-config="true" duration-ms="1" started-at="2018-06-06T18:49:15Z" finished-at="2018-06-06T18:49:15Z">
        </test-method>
        <test-method status="PASS" signature="beforeMethod()" name="beforeMethod" is-config="true" duration-ms="0" started-at="2018-06-06T18:49:15Z" finished-at="2018-06-06T18:49:15Z">
        </test-method>
        <test-method status="PASS" signature="getMatchHistory()" name="getMatchHistory" duration-ms="0" started-at="2018-06-06T18:49:15Z" finished-at="2018-06-06T18:49:15Z">
        </test-method>
        <test-method status="PASS" signature="playAWord()" name="playAWord" duration-ms="0" started-at="2018-06-06T18:49:15Z" finished-at="2018-06-06T18:49:15Z">
        </test-method>
        <test-method status="PASS" signature="beforeMethod()" name="beforeMethod" is-config="true" duration-ms="0" started-at="2018-06-06T18:49:15Z" finished-at="2018-06-06T18:49:15Z">
        </test-method>
        <test-method status="PASS" signature="testCreate()" name="testCreate" duration-ms="14" started-at="2018-06-06T18:49:15Z" finished-at="2018-06-06T18:49:15Z">
        </test-method>
        <test-method status="PASS" signature="testGetGameBoard()" name="testGetGameBoard" duration-ms="0" started-at="2018-06-06T18:49:15Z" finished-at="2018-06-06T18:49:15Z">
        </test-method>
        <test-method status="PASS" signature="beforeMethod()" name="beforeMethod" is-config="true" duration-ms="0" started-at="2018-06-06T18:49:15Z" finished-at="2018-06-06T18:49:15Z">
        </test-method>
      </class>
    </test>
  </suite>
</testng-results>
